<?xml version="1.0" encoding="UTF-8"?>
<!-- Generated by org.testng.reporters.JUnitReportReporter -->
<testsuite skipped="1" hostname="Bayramguls-MacBook-Air.local" name="com.class02.EnableDisableDemo" tests="3" failures="0" timestamp="2020-05-26T20:22:20 EDT" time="0.031" errors="0">
  <testcase name="firstTest" time="0.027" classname="com.class02.EnableDisableDemo"/>
  <system-out/>
  <testcase name="SecondTest" time="0.004" classname="com.class02.EnableDisableDemo"/>
  <system-out/>
  <testcase name="ThirdTest" classname="com.class02.EnableDisableDemo">
    <skipped/>
  </testcase> <!-- ThirdTest -->
  <system-out/>
</testsuite> <!-- com.class02.EnableDisableDemo -->
