<?xml version="1.0" encoding="UTF-8"?>
<!-- Generated by org.testng.reporters.JUnitReportReporter -->
<testsuite skipped="1" hostname="Bayramguls-MacBook-Air.local" name="com.class01.HRMS_PositiveLogin_TC" tests="2" failures="0" timestamp="2020-05-27T01:03:31 EDT" time="16.502" errors="0">
  <testcase name="InvalidLogin" time="16.502" classname="com.class01.HRMS_PositiveLogin_TC"/>
  <system-out/>
  <testcase name="validLogin" classname="com.class01.HRMS_PositiveLogin_TC">
    <skipped/>
  </testcase> <!-- validLogin -->
  <system-out/>
</testsuite> <!-- com.class01.HRMS_PositiveLogin_TC -->
