<?xml version="1.0" encoding="UTF-8"?>
<!-- Generated by org.testng.reporters.JUnitReportReporter -->
<testsuite skipped="0" hostname="Bayramguls-MacBook-Air.local" name="com.class02.TaskAlijon" tests="2" failures="0" timestamp="2020-05-21T21:31:14 EDT" time="12.854" errors="0">
  <testcase name="verifyText" time="7.196" classname="com.class02.TaskAlijon"/>
  <system-out/>
  <testcase name="selectDD" time="5.658" classname="com.class02.TaskAlijon"/>
  <system-out/>
</testsuite> <!-- com.class02.TaskAlijon -->
