<?xml version="1.0" encoding="UTF-8"?>
<!-- Generated by org.testng.reporters.JUnitReportReporter -->
<testsuite skipped="0" hostname="Bayramguls-MacBook-Air.local" name="com.class02.TestNGGroupsDemo" tests="4" failures="0" timestamp="2020-05-27T00:08:43 EDT" time="0.026" errors="0">
  <testcase name="Test3" time="0.001" classname="com.class02.TestNGGroupsDemo"/>
  <system-out/>
  <testcase name="Test1" time="0.011" classname="com.class02.TestNGGroupsDemo"/>
  <system-out/>
  <testcase name="Test2" time="0.005" classname="com.class02.TestNGGroupsDemo"/>
  <system-out/>
  <testcase name="Test4" time="0.009" classname="com.class02.TestNGGroupsDemo"/>
  <system-out/>
</testsuite> <!-- com.class02.TestNGGroupsDemo -->
