<?xml version="1.0" encoding="UTF-8"?>
<!-- Generated by org.testng.reporters.JUnitReportReporter -->
<testsuite skipped="0" hostname="Bayramguls-MacBook-Air.local" name="com.class01.TitleLogoAndLoginValidation" tests="3" failures="0" timestamp="2020-05-29T23:21:30 EDT" time="33.970" errors="0">
  <testcase name="titleValidation" time="7.937" classname="com.class01.TitleLogoAndLoginValidation"/>
  <system-out/>
  <testcase name="loginValidation" time="11.067" classname="com.class01.TitleLogoAndLoginValidation"/>
  <system-out/>
  <testcase name="logoValidation" time="14.966" classname="com.class01.TitleLogoAndLoginValidation"/>
  <system-out/>
</testsuite> <!-- com.class01.TitleLogoAndLoginValidation -->
