<?xml version="1.0" encoding="UTF-8"?>
<!-- Generated by org.testng.reporters.JUnitReportReporter -->
<testsuite skipped="0" hostname="Bayramguls-MacBook-Air.local" name="com.class02.AddEmployeeValidation" tests="3" failures="0" timestamp="2020-05-23T14:29:38 EDT" time="54.684" errors="0">
  <testcase name="validLogin" time="8.240" classname="com.class02.AddEmployeeValidation"/>
  <system-out/>
  <testcase name="addEmployee" time="18.710" classname="com.class02.AddEmployeeValidation"/>
  <system-out/>
  <testcase name="verifyEmp" time="27.734" classname="com.class02.AddEmployeeValidation"/>
  <system-out/>
</testsuite> <!-- com.class02.AddEmployeeValidation -->
