<?xml version="1.0" encoding="UTF-8"?>
<!-- Generated by org.testng.reporters.JUnitReportReporter -->
<testsuite skipped="0" hostname="Bayramguls-MacBook-Air.local" name="com.class02.TaskOne" tests="4" failures="0" timestamp="2020-05-20T20:18:21 EDT" time="0.072" errors="0">
  <testcase name="fourthMethod" time="0.033" classname="com.class02.TaskOne"/>
  <system-out/>
  <testcase name="thirdMethod" time="0.006" classname="com.class02.TaskOne"/>
  <system-out/>
  <testcase name="secondMethod" time="0.022" classname="com.class02.TaskOne"/>
  <system-out/>
  <testcase name="fisrtMethod" time="0.011" classname="com.class02.TaskOne"/>
  <system-out/>
</testsuite> <!-- com.class02.TaskOne -->
