<?xml version="1.0" encoding="UTF-8"?>
<!-- Generated by org.testng.reporters.JUnitReportReporter -->
<testsuite skipped="0" hostname="Bayramguls-MacBook-Air.local" name="com.class01.DifferentAnnotations" tests="1" failures="0" timestamp="2020-05-27T01:03:31 EDT" time="0.002" errors="0">
  <testcase name="test" time="0.002" classname="com.class01.DifferentAnnotations"/>
  <system-out/>
</testsuite> <!-- com.class01.DifferentAnnotations -->
