<?xml version="1.0" encoding="UTF-8"?>
<!-- Generated by org.testng.reporters.JUnitReportReporter -->
<testsuite skipped="0" hostname="Bayramguls-MacBook-Air.local" name="com.syntax.test.sauceDemoPAge" tests="4" failures="0" timestamp="2020-05-28T21:24:03 EDT" time="40.197" errors="0">
  <testcase name="loginToSauceDemo" time="12.395" classname="com.syntax.test.sauceDemoPAge"/>
  <system-out/>
  <testcase name="loginToSauceDemo" time="7.655" classname="com.syntax.test.sauceDemoPAge"/>
  <system-out/>
  <testcase name="loginToSauceDemo" time="13.460" classname="com.syntax.test.sauceDemoPAge"/>
  <system-out/>
  <testcase name="loginToSauceDemo" time="6.687" classname="com.syntax.test.sauceDemoPAge"/>
  <system-out/>
</testsuite> <!-- com.syntax.test.sauceDemoPAge -->
