<?xml version="1.0" encoding="UTF-8"?>
<!-- Generated by org.testng.reporters.JUnitReportReporter -->
<testsuite skipped="0" hostname="Bayramguls-MacBook-Air.local" name="com.class03.UserStrories_HW" tests="2" failures="0" timestamp="2020-05-25T00:44:08 EDT" time="38.215" errors="0">
  <testcase name="createLognCredentials" time="23.372" classname="com.class03.UserStrories_HW"/>
  <system-out/>
  <testcase name="addEmpNegative" time="14.843" classname="com.class03.UserStrories_HW"/>
  <system-out/>
</testsuite> <!-- com.class03.UserStrories_HW -->
