<?xml version="1.0" encoding="UTF-8"?>
<!-- Generated by org.testng.reporters.JUnitReportReporter -->
<testsuite skipped="0" hostname="Bayramguls-MacBook-Air.local" name="com.class02.TestNGGroupsDemo" tests="2" failures="0" timestamp="2020-05-20T02:46:12 EDT" time="0.024" errors="0">
  <testcase name="Test1" time="0.020" classname="com.class02.TestNGGroupsDemo"/>
  <system-out/>
  <testcase name="Test2" time="0.004" classname="com.class02.TestNGGroupsDemo"/>
  <system-out/>
</testsuite> <!-- com.class02.TestNGGroupsDemo -->
