<?xml version="1.0" encoding="UTF-8"?>
<!-- Generated by org.testng.reporters.JUnitReportReporter -->
<testsuite skipped="0" hostname="Bayramguls-MacBook-Air.local" name="com.class02.Task_2" tests="2" failures="0" timestamp="2020-05-20T21:37:29 EDT" time="19.417" errors="0">
  <testcase name="validLogin" time="10.198" classname="com.class02.Task_2"/>
  <system-out/>
  <testcase name="logoValidation" time="9.219" classname="com.class02.Task_2"/>
  <system-out/>
</testsuite> <!-- com.class02.Task_2 -->
