<?xml version="1.0" encoding="UTF-8"?>
<!-- Generated by org.testng.reporters.JUnitReportReporter -->
<testsuite skipped="0" hostname="Bayramguls-MacBook-Air.local" name="com.class01.TaskTwo" tests="2" failures="0" timestamp="2020-05-27T01:03:31 EDT" time="0.006" errors="0">
  <testcase name="test2" time="0.003" classname="com.class01.TaskTwo"/>
  <system-out/>
  <testcase name="test1" time="0.003" classname="com.class01.TaskTwo"/>
  <system-out/>
</testsuite> <!-- com.class01.TaskTwo -->
