<?xml version="1.0" encoding="UTF-8"?>
<!-- Generated by org.testng.reporters.JUnitReportReporter -->
<testsuite skipped="0" hostname="Bayramguls-MacBook-Air.local" name="com.class01.TitleLogoAndLoginValidation" tests="3" failures="0" timestamp="2020-05-20T14:12:14 EDT" time="21.733" errors="0">
  <testcase name="loginValidation" time="6.737" classname="com.class01.TitleLogoAndLoginValidation"/>
  <system-out/>
  <testcase name="logoValidation" time="3.523" classname="com.class01.TitleLogoAndLoginValidation"/>
  <system-out/>
  <testcase name="titleValidation" time="11.473" classname="com.class01.TitleLogoAndLoginValidation"/>
  <system-out/>
</testsuite> <!-- com.class01.TitleLogoAndLoginValidation -->
