<?xml version="1.0" encoding="UTF-8"?>
<!-- Generated by org.testng.reporters.JUnitReportReporter -->
<testsuite skipped="0" hostname="Bayramguls-MacBook-Air.local" name="com.class03.AddEmpByDataProvider" tests="1" failures="0" timestamp="2020-05-28T01:32:01 EDT" time="22.736" errors="0">
  <testcase name="createLognCredentials" time="22.736" classname="com.class03.AddEmpByDataProvider"/>
  <system-out/>
</testsuite> <!-- com.class03.AddEmpByDataProvider -->
