<?xml version="1.0" encoding="UTF-8"?>
<!-- Generated by org.testng.reporters.JUnitReportReporter -->
<testsuite skipped="0" hostname="Bayramguls-MacBook-Air.local" name="com.class01.HRMS_NegativeLogin" tests="1" failures="0" timestamp="2020-05-20T14:46:54 EDT" time="10.199" errors="0">
  <testcase name="login" time="10.199" classname="com.class01.HRMS_NegativeLogin"/>
  <system-out/>
</testsuite> <!-- com.class01.HRMS_NegativeLogin -->
