<?xml version="1.0" encoding="UTF-8"?>
<!-- Generated by org.testng.reporters.JUnitReportReporter -->
<testsuite skipped="0" hostname="Bayramguls-MacBook-Air.local" name="com.class01.TestNGDemo" tests="3" failures="0" timestamp="2020-05-19T19:10:32 EDT" time="0.022" errors="0">
  <testcase name="a" time="0.017" classname="com.class01.TestNGDemo"/>
  <system-out/>
  <testcase name="h" time="0.003" classname="com.class01.TestNGDemo"/>
  <system-out/>
  <testcase name="b" time="0.002" classname="com.class01.TestNGDemo"/>
  <system-out/>
</testsuite> <!-- com.class01.TestNGDemo -->
