<?xml version="1.0" encoding="UTF-8"?>
<!-- Generated by org.testng.reporters.JUnitReportReporter -->
<testsuite skipped="0" hostname="Bayramguls-MacBook-Air.local" name="com.class02.PriorityDemo" tests="3" failures="0" timestamp="2020-05-20T01:28:54 EDT" time="0.041" errors="0">
  <testcase name="Test2" time="0.024" classname="com.class02.PriorityDemo"/>
  <system-out/>
  <testcase name="Test1" time="0.007" classname="com.class02.PriorityDemo"/>
  <system-out/>
  <testcase name="Test3" time="0.010" classname="com.class02.PriorityDemo"/>
  <system-out/>
</testsuite> <!-- com.class02.PriorityDemo -->
