<?xml version="1.0" encoding="UTF-8"?>
<!-- Generated by org.testng.reporters.JUnitReportReporter -->
<testsuite skipped="0" hostname="Bayramguls-MacBook-Air.local" name="com.class01.HRMS_NegativeLogin" tests="1" failures="0" timestamp="2020-05-27T01:03:31 EDT" time="14.980" errors="0">
  <testcase name="login" time="14.980" classname="com.class01.HRMS_NegativeLogin"/>
  <system-out/>
</testsuite> <!-- com.class01.HRMS_NegativeLogin -->
