<?xml version="1.0" encoding="UTF-8"?>
<!-- Generated by org.testng.reporters.JUnitReportReporter -->
<testsuite skipped="0" hostname="Bayramguls-MacBook-Air.local" name="com.syntax.test.LoginPageTest_TestNG" tests="3" failures="0" timestamp="2020-05-23T13:30:36 EDT" time="22.110" errors="0">
  <testcase name="validAdminLogin" time="12.553" classname="com.syntax.test.LoginPageTest_TestNG"/>
  <system-out/>
  <testcase name="InvalidPasswordAdminLogin" time="5.343" classname="com.syntax.test.LoginPageTest_TestNG"/>
  <system-out/>
  <testcase name="emptyUsername" time="4.214" classname="com.syntax.test.LoginPageTest_TestNG"/>
  <system-out/>
</testsuite> <!-- com.syntax.test.LoginPageTest_TestNG -->
