<?xml version="1.0" encoding="UTF-8"?>
<!-- Generated by org.testng.reporters.JUnitReportReporter -->
<testsuite skipped="0" hostname="Bayramguls-MacBook-Air.local" name="com.class02.AddEmployeeValidation" tests="3" failures="0" timestamp="2020-05-21T15:40:04 EDT" time="15.836" errors="0">
  <testcase name="validLogin" time="3.516" classname="com.class02.AddEmployeeValidation"/>
  <system-out/>
  <testcase name="addEmployee" time="12.230" classname="com.class02.AddEmployeeValidation"/>
  <system-out/>
  <testcase name="verifyEmp" time="0.090" classname="com.class02.AddEmployeeValidation"/>
  <system-out/>
</testsuite> <!-- com.class02.AddEmployeeValidation -->
