<?xml version="1.0" encoding="UTF-8"?>
<!-- Generated by org.testng.reporters.JUnitReportReporter -->
<testsuite skipped="0" hostname="Bayramguls-MacBook-Air.local" name="com.syntax.test.LoginPageTest_TestNG" tests="3" failures="0" timestamp="2020-05-23T15:01:18 EDT" time="47.971" errors="0">
  <testcase name="validAdminLogin" time="20.680" classname="com.syntax.test.LoginPageTest_TestNG"/>
  <system-out/>
  <testcase name="emptyUsername" time="12.908" classname="com.syntax.test.LoginPageTest_TestNG"/>
  <system-out/>
  <testcase name="InvalidPasswordAdminLogin" time="14.383" classname="com.syntax.test.LoginPageTest_TestNG"/>
  <system-out/>
</testsuite> <!-- com.syntax.test.LoginPageTest_TestNG -->
