<?xml version="1.0" encoding="UTF-8"?>
<!-- Generated by org.testng.reporters.JUnitReportReporter -->
<testsuite skipped="0" hostname="Bayramguls-MacBook-Air.local" name="com.class01.HRMS_PositiveLogin_TC" tests="1" failures="0" timestamp="2020-05-20T15:07:00 EDT" time="14.480" errors="0">
  <testcase name="login" time="14.480" classname="com.class01.HRMS_PositiveLogin_TC"/>
  <system-out/>
</testsuite> <!-- com.class01.HRMS_PositiveLogin_TC -->
